Importer Log Report
Document: C:\Users\HerranzB\Documents\Kicad\Libraries\kicad_herranz_libraries\herranz - various\footprint\Herranz - DevBoards.pretty
    Section : Analyze Document from - C:\Users\HerranzB\Documents\Kicad\Libraries\kicad_herranz_libraries\herranz - various\footprint\Herranz - DevBoards.pretty
        Warning: Pad name is empty, autogenerated name 'Un1' assigned to pad pad.
        Warning: Pad name is empty, autogenerated name 'Un2' assigned to pad pad.
        Warning: Pad name is empty, autogenerated name 'Un3' assigned to pad pad.
        Warning: Pad name is empty, autogenerated name 'Un4' assigned to pad pad.
        Warning: Unknown child stroke of fp_line.
        Warning: Unknown child stroke of fp_line.
        Warning: Unknown child stroke of fp_line.
        Warning: Unknown child stroke of fp_line.
        Warning: Unknown child stroke of fp_line.
        Warning: Unknown child stroke of fp_line.
        Warning: Unknown child stroke of fp_line.
        Warning: Unknown child stroke of fp_line.
        Warning: Unknown child stroke of fp_line.
        Warning: Unknown child stroke of fp_line.
        Warning: Unknown child stroke of fp_line.
        Warning: Unknown child stroke of fp_line.
        Warning: Unknown child stroke of fp_line.
        Warning: Unknown child stroke of fp_line.
        Warning: Unknown child stroke of fp_line.
        Warning: Unknown child stroke of fp_line.
        Warning: Unknown child stroke of fp_line.
        Warning: Unknown child stroke of fp_line.
        Warning: Unknown child stroke of fp_line.
        Warning: Unknown child stroke of fp_line.
        Warning: Unknown child stroke of fp_line.
        Warning: Unknown child stroke of fp_line.
        Warning: Unknown child stroke of fp_line.
        Warning: Unknown child stroke of fp_line.
        Warning: Unknown child stroke of fp_line.
        Warning: Unknown child stroke of fp_line.
        Warning: Unknown child stroke of fp_line.
        Warning: Unknown child stroke of fp_line.
        Warning: Unknown child stroke of fp_line.
        Warning: Unknown child stroke of fp_line.
        Warning: Unknown child stroke of fp_line.
        Warning: Unknown child stroke of fp_line.
        Warning: Unknown child stroke of fp_line.
        Warning: Unknown child stroke of fp_line.
        Warning: Unknown child stroke of fp_line.
        Warning: Unknown child stroke of fp_line.
        Warning: Unknown child stroke of fp_line.
        Warning: Unknown child stroke of fp_line.
        Warning: Unknown child stroke of fp_line.
        Warning: Unknown child stroke of fp_line.
        Warning: Unknown child stroke of fp_line.
        Warning: Unknown child stroke of fp_line.
        Warning: Unknown child stroke of fp_line.
        Warning: Unknown child stroke of fp_line.
        Warning: Unknown child stroke of fp_line.
        Warning: Unknown child stroke of fp_line.
        Warning: Unknown child stroke of fp_line.
        Warning: Unknown child stroke of fp_line.
        Warning: Unknown child stroke of fp_line.
        Warning: Unknown child stroke of fp_line.
        Warning: Unknown child stroke of fp_line.
        Warning: Unknown child stroke of fp_line.
        Warning: Unknown child stroke of fp_arc.
        Warning: Unknown child stroke of fp_arc.
        Warning: Unknown child stroke of fp_arc.
        Warning: Unknown child stroke of fp_arc.
        Warning: Unknown child stroke of fp_poly.
        Warning: Unknown child stroke of fp_rect.
        Warning: Unknown child stroke of fp_rect.
        Warning: Unknown child stroke of fp_poly.
        Warning: Pad name is empty, autogenerated name 'Un1' assigned to pad pad.
        Warning: Pad name is empty, autogenerated name 'Un2' assigned to pad pad.
        Warning: Pad name is empty, autogenerated name 'Un3' assigned to pad pad.
        Warning: Pad name is empty, autogenerated name 'Un4' assigned to pad pad.
        Warning: Unknown child thermal_bridge_angle of pad.
        Warning: Unknown child thermal_bridge_angle of pad.
        Warning: Unknown child property of pad.
        Warning: Unknown child property of pad.
        Warning: Unknown child property of pad.
        Warning: Unknown child property of pad.
        Warning: Unknown child property of pad.
        Warning: Unknown child property of pad.
        Warning: Unknown child zone of footprint.
        Warning: Unknown child zone of footprint.
        Warning: Unknown child zone of footprint.
        Warning: Unknown child zone of footprint.
        Warning: Unknown child zone of footprint.
    EndSection
    Section : Import Document - C:\Users\HerranzB\Documents\Kicad\Libraries\kicad_herranz_libraries\herranz - various\schematic\Imported Herranz - DevBoards\Herranz - DevBoards.PcbLib
        Section : Component REF** importing.
        EndSection
        Section : Component REF** importing.
        EndSection
        Section : Component REF** importing.
        EndSection
        Section : Component REF** importing.
            Warning: Custom pad '1' shape 'anchor circle' translated to 'eRounded'
            Warning: Custom pad '1' shape 'anchor circle' translated to 'eRounded'
        EndSection
        Section : Component REF** importing.
            Warning: Custom pad '1' shape 'anchor rect' translated to 'eRectangular'
            Warning: Custom pad '2' shape 'anchor rect' translated to 'eRectangular'
            Warning: Custom pad '3' shape 'anchor rect' translated to 'eRectangular'
            Warning: Custom pad '4' shape 'anchor rect' translated to 'eRectangular'
            Warning: Custom pad '5' shape 'anchor rect' translated to 'eRectangular'
            Warning: Custom pad '6' shape 'anchor rect' translated to 'eRectangular'
            Warning: Custom pad '7' shape 'anchor rect' translated to 'eRectangular'
            Warning: Custom pad '8' shape 'anchor rect' translated to 'eRectangular'
            Warning: Custom pad '9' shape 'anchor rect' translated to 'eRectangular'
            Warning: Custom pad '10' shape 'anchor rect' translated to 'eRectangular'
            Warning: Custom pad '11' shape 'anchor rect' translated to 'eRectangular'
            Warning: Custom pad '12' shape 'anchor rect' translated to 'eRectangular'
            Warning: Custom pad '13' shape 'anchor rect' translated to 'eRectangular'
            Warning: Custom pad '14' shape 'anchor rect' translated to 'eRectangular'
            Warning: Custom pad '15' shape 'anchor rect' translated to 'eRectangular'
            Warning: Custom pad '16' shape 'anchor rect' translated to 'eRectangular'
            Warning: Custom pad '17' shape 'anchor rect' translated to 'eRectangular'
            Warning: Custom pad '18' shape 'anchor rect' translated to 'eRectangular'
            Warning: Custom pad '19' shape 'anchor rect' translated to 'eRectangular'
            Warning: Custom pad '20' shape 'anchor rect' translated to 'eRectangular'
            Warning: Custom pad '21' shape 'anchor rect' translated to 'eRectangular'
            Warning: Custom pad '22' shape 'anchor rect' translated to 'eRectangular'
            Warning: Custom pad '23' shape 'anchor rect' translated to 'eRectangular'
            Warning: Custom pad '24' shape 'anchor rect' translated to 'eRectangular'
            Warning: Custom pad '25' shape 'anchor rect' translated to 'eRectangular'
            Warning: Custom pad '26' shape 'anchor rect' translated to 'eRectangular'
            Warning: Custom pad '27' shape 'anchor rect' translated to 'eRectangular'
            Warning: Custom pad '28' shape 'anchor rect' translated to 'eRectangular'
            Warning: Custom pad '29' shape 'anchor rect' translated to 'eRectangular'
            Warning: Custom pad '30' shape 'anchor rect' translated to 'eRectangular'
            Warning: Custom pad '31' shape 'anchor rect' translated to 'eRectangular'
            Warning: Custom pad '32' shape 'anchor rect' translated to 'eRectangular'
            Warning: Custom pad '33' shape 'anchor rect' translated to 'eRectangular'
            Warning: Custom pad '34' shape 'anchor rect' translated to 'eRectangular'
            Warning: Custom pad '35' shape 'anchor rect' translated to 'eRectangular'
            Warning: Custom pad '36' shape 'anchor rect' translated to 'eRectangular'
            Warning: Custom pad '37' shape 'anchor rect' translated to 'eRectangular'
            Warning: Custom pad '38' shape 'anchor rect' translated to 'eRectangular'
            Warning: Custom pad '39' shape 'anchor rect' translated to 'eRectangular'
            Warning: Custom pad '40' shape 'anchor rect' translated to 'eRectangular'
            Warning: Custom pad 'D1' shape 'anchor rect' translated to 'eRectangular'
            Warning: Custom pad 'D2' shape 'anchor rect' translated to 'eRectangular'
            Warning: Custom pad 'D3' shape 'anchor rect' translated to 'eRectangular'
        EndSection
    EndSection
